#
# An unexpected error has been detected by HotSpot Virtual Machine:
#
#  EXCEPTION_ACCESS_VIOLATION (0xc0000005) at pc=0x6d76ce9b, pid=1024, tid=3792
#
# Java VM: Java HotSpot(TM) Client VM (1.5.0_06-b05 mixed mode, sharing)
# Problematic frame:
# V  [jvm.dll+0x8ce9b]
#

---------------  T H R E A D  ---------------

Current thread (0x02d61a80):  JavaThread "Loop thread: com.sun.media.parser.RawBufferParser$FrameTrack@12884e0" [_thread_in_vm, id=3792]

siginfo: ExceptionCode=0xc0000005, reading address 0x00000000

Registers:
EAX=0x00000000, EBX=0x00000000, ECX=0x0000deab, EDX=0x00000000
ESP=0x04e9f7d4, EBP=0x04e9f7e0, ESI=0x02d61b40, EDI=0x00000000
EIP=0x6d76ce9b, EFLAGS=0x00010216

Top of Stack: (sp=0x04e9f7d4)
0x04e9f7d4:   02d61b40 00000000 02d61a80 04609008
0x04e9f7e4:   04bf9a98 02d61b40 00000000 00000000
0x04e9f7f4:   02d61a80 26d42e88 04e9f858 26d42e88
0x04e9f804:   00ad826f 02d61b40 04e9f894 04c20640
0x04e9f814:   00000000 00000000 00000000 00000140
0x04e9f824:   000000f0 04e9f878 00038400 0000003d
0x04e9f834:   00000001 00000001 04e9f83c 26d42e88
0x04e9f844:   04e9f894 26d43770 00000000 26d42e88 

Instructions: (pc=0x6d76ce9b)
0x6d76ce8b:   06 50 89 45 fc e8 06 48 fb ff 8b 45 0c 83 c4 0c
0x6d76ce9b:   8b 30 8b 5e 08 85 db 75 0a e8 92 ff ff ff 89 45 


Stack: [0x04e60000,0x04ea0000),  sp=0x04e9f7d4,  free space=253k
Native frames: (J=compiled Java code, j=interpreted, Vv=VM code, C=native code)
V  [jvm.dll+0x8ce9b]

Java frames: (J=compiled Java code, j=interpreted, Vv=VM code)
j  com.sun.media.codec.video.jpeg.NativeEncoder.encodeJPEG(ILjava/lang/Object;JII[BIIIZ)I+0
j  com.sun.media.codec.video.jpeg.NativeEncoder.process(Ljavax/media/Buffer;Ljavax/media/Buffer;)I+321
j  com.sun.media.BasicFilterModule.process()V+559
j  com.sun.media.BasicModule.connectorPushed(Lcom/sun/media/InputConnector;)V+1
J  com.sun.media.BasicOutputConnector.writeReport()V
v  ~RuntimeStub::alignment_frame_return Runtime1 stub
j  com.sun.media.SourceThread.process()Z+177
j  com.sun.media.util.LoopThread.run()V+14
v  ~StubRoutines::call_stub

---------------  P R O C E S S  ---------------

Java Threads: ( => current thread )
=>0x02d61a80 JavaThread "Loop thread: com.sun.media.parser.RawBufferParser$FrameTrack@12884e0" [_thread_in_vm, id=3792]
  0x02d61068 JavaThread "RTCP Reporter" daemon [_thread_blocked, id=3004]
  0x02d606e0 JavaThread "SSRC Cache Cleaner" daemon [_thread_blocked, id=3780]
  0x02d54e70 JavaThread "RTP Forwarder for address 10.1.1.254 port 3000" daemon [_thread_blocked, id=2552]
  0x02d54ce8 JavaThread "RTCP Forwarder for address10.1.1.254 port 3001" daemon [_thread_blocked, id=3700]
  0x02d3f5f8 JavaThread "RTPEventHandler" daemon [_thread_blocked, id=3580]
  0x00a752e0 JavaThread "Loop thread" [_thread_blocked, id=2812]
  0x02d4b818 JavaThread "RawBufferStream Thread" [_thread_blocked, id=3924]
  0x045b0e60 JavaThread "VFW TransferDataThread" [_thread_blocked, id=4080]
  0x045b0c48 JavaThread "VFW VideoPollThread" [_thread_blocked, id=3684]
  0x02d945e8 JavaThread "JMF thread: SendEventQueue: com.sun.media.ProcessEngine" [_thread_blocked, id=2956]
  0x02d94208 JavaThread "JMF thread: SendEventQueue: com.sun.media.processor.unknown.Handler" [_thread_blocked, id=3080]
  0x02d95bb0 JavaThread "VFW Request Thread" [_thread_blocked, id=3424]
  0x02d28920 JavaThread "TimerQueue" daemon [_thread_blocked, id=3920]
  0x00035c40 JavaThread "DestroyJavaVM" [_thread_blocked, id=2684]
  0x02cb0f60 JavaThread "AWT-EventQueue-0" [_thread_blocked, id=3344]
  0x02c983b0 JavaThread "AWT-Windows" daemon [_thread_blocked, id=2128]
  0x02c97f30 JavaThread "AWT-Shutdown" [_thread_blocked, id=3340]
  0x02cac6e8 JavaThread "Java2D Disposer" daemon [_thread_blocked, id=2788]
  0x00a6e4f0 JavaThread "Low Memory Detector" daemon [_thread_blocked, id=3252]
  0x00a6d0c0 JavaThread "CompilerThread0" daemon [_thread_blocked, id=3244]
  0x00a48468 JavaThread "Signal Dispatcher" daemon [_thread_blocked, id=3188]
  0x0003fda8 JavaThread "Finalizer" daemon [_thread_blocked, id=2796]
  0x0003faa0 JavaThread "Reference Handler" daemon [_thread_blocked, id=3216]

Other Threads:
  0x00a384d8 VMThread [id=3208]
  0x00a6f730 WatcherThread [id=3256]

VM state:synchronizing (normal execution)

VM Mutex/Monitor currently owned by a thread:  ([mutex/lock_event])
[0x000352b0/0x00000714] Threads_lock - owner thread: 0x00a384d8

Heap
 def new generation   total 576K, used 324K [0x22a70000, 0x22b10000, 0x22f50000)
  eden space 512K,  50% used [0x22a70000, 0x22ab1038, 0x22af0000)
  from space 64K, 100% used [0x22b00000, 0x22b10000, 0x22b10000)
  to   space 64K,   0% used [0x22af0000, 0x22af0000, 0x22b00000)
 tenured generation   total 5080K, used 4855K [0x22f50000, 0x23446000, 0x26a70000)
   the space 5080K,  95% used [0x22f50000, 0x2340df88, 0x2340e000, 0x23446000)
 compacting perm gen  total 8192K, used 2973K [0x26a70000, 0x27270000, 0x2aa70000)
   the space 8192K,  36% used [0x26a70000, 0x26d57498, 0x26d57600, 0x27270000)
    ro space 8192K,  66% used [0x2aa70000, 0x2afcbcc0, 0x2afcbe00, 0x2b270000)
    rw space 12288K,  46% used [0x2b270000, 0x2b812060, 0x2b812200, 0x2be70000)

Dynamic libraries:
0x00400000 - 0x0040c000 	c:\program files\java\jdk1.5.0_06\bin\java.exe
0x7c900000 - 0x7c9b0000 	C:\WINDOWS\system32\ntdll.dll
0x7c800000 - 0x7c8f5000 	C:\WINDOWS\system32\kernel32.dll
0x77dd0000 - 0x77e6b000 	C:\WINDOWS\system32\ADVAPI32.dll
0x77e70000 - 0x77f02000 	C:\WINDOWS\system32\RPCRT4.dll
0x77fe0000 - 0x77ff1000 	C:\WINDOWS\system32\Secur32.dll
0x77c10000 - 0x77c68000 	C:\WINDOWS\system32\MSVCRT.dll
0x6d6e0000 - 0x6d874000 	c:\program files\java\jdk1.5.0_06\jre\bin\client\jvm.dll
0x7e410000 - 0x7e4a0000 	C:\WINDOWS\system32\USER32.dll
0x77f10000 - 0x77f57000 	C:\WINDOWS\system32\GDI32.dll
0x76b40000 - 0x76b6d000 	C:\WINDOWS\system32\WINMM.dll
0x6d2f0000 - 0x6d2f8000 	c:\program files\java\jdk1.5.0_06\jre\bin\hpi.dll
0x76bf0000 - 0x76bfb000 	C:\WINDOWS\system32\PSAPI.DLL
0x6d6b0000 - 0x6d6bc000 	c:\program files\java\jdk1.5.0_06\jre\bin\verify.dll
0x6d370000 - 0x6d38d000 	c:\program files\java\jdk1.5.0_06\jre\bin\java.dll
0x6d6d0000 - 0x6d6df000 	c:\program files\java\jdk1.5.0_06\jre\bin\zip.dll
0x6d070000 - 0x6d1d7000 	C:\Program Files\Java\jdk1.5.0_06\jre\bin\awt.dll
0x73000000 - 0x73026000 	C:\WINDOWS\system32\WINSPOOL.DRV
0x76390000 - 0x763ad000 	C:\WINDOWS\system32\IMM32.dll
0x774e0000 - 0x7761d000 	C:\WINDOWS\system32\ole32.dll
0x5ad70000 - 0x5ada8000 	C:\WINDOWS\system32\uxtheme.dll
0x73760000 - 0x737a9000 	C:\WINDOWS\system32\ddraw.dll
0x73bc0000 - 0x73bc6000 	C:\WINDOWS\system32\DCIMAN32.dll
0x73940000 - 0x73a10000 	C:\WINDOWS\system32\D3DIM700.DLL
0x6d2b0000 - 0x6d2ed000 	C:\Program Files\Java\jdk1.5.0_06\jre\bin\fontmanager.dll
0x74720000 - 0x7476b000 	C:\WINDOWS\system32\MSCTF.dll
0x7c9c0000 - 0x7d1d6000 	C:\WINDOWS\system32\shell32.dll
0x77f60000 - 0x77fd6000 	C:\WINDOWS\system32\SHLWAPI.dll
0x773d0000 - 0x774d3000 	C:\WINDOWS\WinSxS\x86_Microsoft.Windows.Common-Controls_6595b64144ccf1df_6.0.2600.2982_x-ww_ac3f9c03\comctl32.dll
0x5d090000 - 0x5d12a000 	C:\WINDOWS\system32\comctl32.dll
0x6d530000 - 0x6d543000 	C:\Program Files\Java\jdk1.5.0_06\jre\bin\net.dll
0x71ab0000 - 0x71ac7000 	C:\WINDOWS\system32\WS2_32.dll
0x71aa0000 - 0x71aa8000 	C:\WINDOWS\system32\WS2HELP.dll
0x6d550000 - 0x6d559000 	C:\Program Files\Java\jdk1.5.0_06\jre\bin\nio.dll
0x77120000 - 0x771ab000 	C:\WINDOWS\system32\OLEAUT32.DLL
0x6d3e0000 - 0x6d3ed000 	C:\Program Files\Java\jdk1.5.0_06\jre\bin\JdbcOdbc.dll
0x74320000 - 0x7435d000 	C:\WINDOWS\system32\ODBC32.dll
0x763b0000 - 0x763f9000 	C:\WINDOWS\system32\comdlg32.dll
0x20000000 - 0x20017000 	C:\WINDOWS\system32\odbcint.dll
0x76fd0000 - 0x7704f000 	C:\WINDOWS\system32\CLBCATQ.DLL
0x77050000 - 0x77115000 	C:\WINDOWS\system32\COMRes.dll
0x77c00000 - 0x77c08000 	C:\WINDOWS\system32\VERSION.dll
0x1b810000 - 0x1b84a000 	C:\WINDOWS\system32\msjtes40.dll
0x0f9a0000 - 0x0f9ab000 	C:\WINDOWS\system32\VBAJET32.DLL
0x0f9c0000 - 0x0fa22000 	C:\WINDOWS\system32\expsrv.dll
0x09300000 - 0x095c5000 	C:\WINDOWS\system32\xpsp2res.dll
0x71a50000 - 0x71a8f000 	C:\WINDOWS\System32\mswsock.dll
0x76f20000 - 0x76f47000 	C:\WINDOWS\system32\DNSAPI.dll
0x76fb0000 - 0x76fb8000 	C:\WINDOWS\System32\winrnr.dll
0x76f60000 - 0x76f8c000 	C:\WINDOWS\system32\WLDAP32.dll
0x76fc0000 - 0x76fc6000 	C:\WINDOWS\system32\rasadhlp.dll
0x10000000 - 0x10015000 	C:\WINDOWS\system32\jmutil.dll
0x662b0000 - 0x66308000 	C:\WINDOWS\system32\hnetcfg.dll
0x71a90000 - 0x71a98000 	C:\WINDOWS\System32\wshtcpip.dll
0x03560000 - 0x03576000 	C:\WINDOWS\system32\jmmpegv.dll
0x03b40000 - 0x03b4b000 	C:\WINDOWS\system32\jmvcm.dll
0x75a70000 - 0x75a91000 	C:\WINDOWS\system32\MSVFW32.dll
0x03c60000 - 0x03c6d000 	C:\WINDOWS\system32\jmacm.dll
0x77be0000 - 0x77bf5000 	C:\WINDOWS\system32\MSACM32.dll
0x58420000 - 0x58427000 	C:\WINDOWS\system32\imaadp32.acm
0x72cf0000 - 0x72cf7000 	C:\WINDOWS\system32\msadp32.acm
0x58330000 - 0x58335000 	C:\WINDOWS\system32\msg711.acm
0x58300000 - 0x58308000 	C:\WINDOWS\system32\msgsm32.acm
0x582d0000 - 0x582d4000 	C:\WINDOWS\system32\tssoft32.acm
0x73b70000 - 0x73b77000 	C:\WINDOWS\system32\tsd32.dll
0x58310000 - 0x5832d000 	C:\WINDOWS\system32\msg723.acm
0x58340000 - 0x5838d000 	C:\WINDOWS\system32\msaud32.acm
0x582e0000 - 0x582fe000 	C:\WINDOWS\system32\sl_anet.acm
0x581a0000 - 0x581d9000 	C:\WINDOWS\system32\iac25_32.ax
0x58390000 - 0x5841a000 	C:\WINDOWS\system32\l3codeca.acm
0x03940000 - 0x0394d000 	C:\WINDOWS\system32\jmvfw.dll
0x73b80000 - 0x73b92000 	C:\WINDOWS\system32\AVICAP32.dll
0x72d20000 - 0x72d29000 	C:\WINDOWS\system32\wdmaud.drv
0x76c30000 - 0x76c5e000 	C:\WINDOWS\system32\WINTRUST.dll
0x77a80000 - 0x77b14000 	C:\WINDOWS\system32\CRYPT32.dll
0x77b20000 - 0x77b32000 	C:\WINDOWS\system32\MSASN1.dll
0x76c90000 - 0x76cb8000 	C:\WINDOWS\system32\IMAGEHLP.dll
0x72d10000 - 0x72d18000 	C:\WINDOWS\system32\msacm32.drv
0x77bd0000 - 0x77bd7000 	C:\WINDOWS\system32\midimap.dll
0x5acf0000 - 0x5ad00000 	C:\WINDOWS\system32\vfwwdm32.dll
0x73ee0000 - 0x73ee4000 	C:\WINDOWS\system32\ksuser.dll
0x75f40000 - 0x75f51000 	C:\WINDOWS\system32\devenum.dll
0x77920000 - 0x77a13000 	C:\WINDOWS\system32\setupapi.dll
0x736b0000 - 0x736b7000 	C:\WINDOWS\system32\msdmo.dll
0x5e030000 - 0x5e053000 	C:\WINDOWS\system32\ksproxy.ax
0x58010000 - 0x58029000 	C:\WINDOWS\system32\kswdmcap.ax
0x73dd0000 - 0x73ece000 	C:\WINDOWS\system32\MFC42.DLL
0x043b0000 - 0x043e5000 	C:\WINDOWS\system32\VM31bPrp.Ax
0x757f0000 - 0x75822000 	C:\WINDOWS\system32\qcap.dll
0x74810000 - 0x7497d000 	C:\WINDOWS\system32\quartz.dll
0x04580000 - 0x0458e000 	C:\WINDOWS\system32\jmcvid.dll
0x04bf0000 - 0x04c14000 	C:\WINDOWS\system32\jmjpeg.dll

VM Arguments:
java_command: Login
Launcher Type: SUN_STANDARD

Environment Variables:
CLASSPATH=.;.;.;C:\PROGRA~1\JMF21~1.1E\lib\sound.jar;C:\PROGRA~1\JMF21~1.1E\lib\jmf.jar;C:\PROGRA~1\JMF21~1.1E\lib;;.;
PATH=c:\program files\java\jdk1.5.0_06\bin;
USERNAME=Administrator
OS=Windows_NT
PROCESSOR_IDENTIFIER=x86 Family 15 Model 6 Stepping 5, GenuineIntel



---------------  S Y S T E M  ---------------

OS: Windows XP Build 2600 Service Pack 2

CPU:total 2 family 15, cmov, cx8, fxsr, mmx, sse, sse2, ht

Memory: 4k page, physical 457196k(79252k free), swap 1079036k(516888k free)

vm_info: Java HotSpot(TM) Client VM (1.5.0_06-b05) for windows-x86, built on Nov 10 2005 11:12:14 by "java_re" with MS VC++ 6.0

